{"C:\\Users\\Coding\\Desktop\\Microverse\\todo-list\\src\\modules\\clearCompletedTodo.js": {"path":"C:\\Users\\Coding\\Desktop\\Microverse\\todo-list\\src\\modules\\clearCompletedTodo.js","statementMap":{"0":{"start":{"line":5,"column":23},"end":{"line":16,"column":1}},"1":{"start":{"line":6,"column":14},"end":{"line":6,"column":24}},"2":{"start":{"line":7,"column":2},"end":{"line":9,"column":5}},"3":{"start":{"line":8,"column":4},"end":{"line":8,"column":19}},"4":{"start":{"line":10,"column":2},"end":{"line":13,"column":5}},"5":{"start":{"line":11,"column":4},"end":{"line":11,"column":23}},"6":{"start":{"line":12,"column":4},"end":{"line":12,"column":16}},"7":{"start":{"line":14,"column":2},"end":{"line":14,"column":18}},"8":{"start":{"line":15,"column":2},"end":{"line":15,"column":16}}},"fnMap":{"0":{"name":"(anonymous_0)","decl":{"start":{"line":5,"column":23},"end":{"line":5,"column":24}},"loc":{"start":{"line":5,"column":29},"end":{"line":16,"column":1}},"line":5},"1":{"name":"(anonymous_1)","decl":{"start":{"line":7,"column":23},"end":{"line":7,"column":24}},"loc":{"start":{"line":8,"column":4},"end":{"line":8,"column":19}},"line":8},"2":{"name":"(anonymous_2)","decl":{"start":{"line":10,"column":20},"end":{"line":10,"column":21}},"loc":{"start":{"line":10,"column":33},"end":{"line":13,"column":3}},"line":10}},"branchMap":{},"s":{"0":1,"1":1,"2":1,"3":1,"4":1,"5":0,"6":0,"7":1,"8":1},"f":{"0":1,"1":1,"2":0},"b":{},"_coverageSchema":"1a1c01bbd47fc00a2c39e90264f33305004495a9","hash":"a0902774dccbf99846d7395cbb1231b0d2e3ed74"}
,"C:\\Users\\Coding\\Desktop\\Microverse\\todo-list\\src\\modules\\completeTodo.js": {"path":"C:\\Users\\Coding\\Desktop\\Microverse\\todo-list\\src\\modules\\completeTodo.js","statementMap":{"0":{"start":{"line":5,"column":24},"end":{"line":17,"column":1}},"1":{"start":{"line":6,"column":16},"end":{"line":6,"column":26}},"2":{"start":{"line":7,"column":16},"end":{"line":7,"column":26}},"3":{"start":{"line":9,"column":2},"end":{"line":13,"column":3}},"4":{"start":{"line":10,"column":4},"end":{"line":10,"column":39}},"5":{"start":{"line":12,"column":4},"end":{"line":12,"column":38}},"6":{"start":{"line":15,"column":2},"end":{"line":15,"column":18}},"7":{"start":{"line":16,"column":2},"end":{"line":16,"column":16}},"8":{"start":{"line":19,"column":22},"end":{"line":21,"column":1}},"9":{"start":{"line":20,"column":2},"end":{"line":20,"column":31}},"10":{"start":{"line":23,"column":41},"end":{"line":25,"column":1}},"11":{"start":{"line":24,"column":2},"end":{"line":24,"column":52}},"12":{"start":{"line":26,"column":43},"end":{"line":29,"column":1}},"13":{"start":{"line":27,"column":21},"end":{"line":27,"column":59}},"14":{"start":{"line":28,"column":2},"end":{"line":28,"column":55}}},"fnMap":{"0":{"name":"(anonymous_0)","decl":{"start":{"line":5,"column":24},"end":{"line":5,"column":25}},"loc":{"start":{"line":5,"column":30},"end":{"line":17,"column":1}},"line":5},"1":{"name":"(anonymous_1)","decl":{"start":{"line":19,"column":22},"end":{"line":19,"column":23}},"loc":{"start":{"line":19,"column":38},"end":{"line":21,"column":1}},"line":19},"2":{"name":"(anonymous_2)","decl":{"start":{"line":23,"column":41},"end":{"line":23,"column":42}},"loc":{"start":{"line":23,"column":55},"end":{"line":25,"column":1}},"line":23},"3":{"name":"(anonymous_3)","decl":{"start":{"line":26,"column":43},"end":{"line":26,"column":44}},"loc":{"start":{"line":26,"column":49},"end":{"line":29,"column":1}},"line":26}},"branchMap":{"0":{"loc":{"start":{"line":9,"column":2},"end":{"line":13,"column":3}},"type":"if","locations":[{"start":{"line":9,"column":2},"end":{"line":13,"column":3}},{"start":{"line":11,"column":9},"end":{"line":13,"column":3}}],"line":9}},"s":{"0":5,"1":2,"2":2,"3":2,"4":0,"5":2,"6":2,"7":2,"8":5,"9":0,"10":5,"11":8,"12":5,"13":10,"14":10},"f":{"0":2,"1":0,"2":8,"3":10},"b":{"0":[0,2]},"_coverageSchema":"1a1c01bbd47fc00a2c39e90264f33305004495a9","hash":"cad38105104b7ea0bddae492d13ad7517aa43358"}
,"C:\\Users\\Coding\\Desktop\\Microverse\\todo-list\\src\\modules\\createTodo.js": {"path":"C:\\Users\\Coding\\Desktop\\Microverse\\todo-list\\src\\modules\\createTodo.js","statementMap":{"0":{"start":{"line":5,"column":18},"end":{"line":11,"column":1}},"1":{"start":{"line":6,"column":22},"end":{"line":6,"column":61}},"2":{"start":{"line":7,"column":2},"end":{"line":9,"column":3}},"3":{"start":{"line":8,"column":4},"end":{"line":8,"column":70}},"4":{"start":{"line":10,"column":2},"end":{"line":10,"column":14}},"5":{"start":{"line":13,"column":18},"end":{"line":15,"column":1}},"6":{"start":{"line":14,"column":2},"end":{"line":14,"column":40}},"7":{"start":{"line":17,"column":16},"end":{"line":25,"column":1}},"8":{"start":{"line":18,"column":16},"end":{"line":18,"column":26}},"9":{"start":{"line":19,"column":15},"end":{"line":19,"column":47}},"10":{"start":{"line":20,"column":2},"end":{"line":20,"column":28}},"11":{"start":{"line":20,"column":21},"end":{"line":20,"column":28}},"12":{"start":{"line":21,"column":2},"end":{"line":21,"column":19}},"13":{"start":{"line":22,"column":2},"end":{"line":22,"column":18}},"14":{"start":{"line":23,"column":2},"end":{"line":23,"column":28}},"15":{"start":{"line":24,"column":2},"end":{"line":24,"column":16}}},"fnMap":{"0":{"name":"(anonymous_0)","decl":{"start":{"line":5,"column":18},"end":{"line":5,"column":19}},"loc":{"start":{"line":5,"column":45},"end":{"line":11,"column":1}},"line":5},"1":{"name":"(anonymous_1)","decl":{"start":{"line":13,"column":18},"end":{"line":13,"column":19}},"loc":{"start":{"line":13,"column":38},"end":{"line":15,"column":1}},"line":13},"2":{"name":"(anonymous_2)","decl":{"start":{"line":17,"column":16},"end":{"line":17,"column":17}},"loc":{"start":{"line":17,"column":36},"end":{"line":25,"column":1}},"line":17}},"branchMap":{"0":{"loc":{"start":{"line":7,"column":2},"end":{"line":9,"column":3}},"type":"if","locations":[{"start":{"line":7,"column":2},"end":{"line":9,"column":3}},{"start":{},"end":{}}],"line":7},"1":{"loc":{"start":{"line":20,"column":2},"end":{"line":20,"column":28}},"type":"if","locations":[{"start":{"line":20,"column":2},"end":{"line":20,"column":28}},{"start":{},"end":{}}],"line":20}},"s":{"0":5,"1":5,"2":5,"3":5,"4":0,"5":5,"6":5,"7":5,"8":5,"9":5,"10":5,"11":0,"12":5,"13":5,"14":5,"15":5},"f":{"0":5,"1":5,"2":5},"b":{"0":[5,0],"1":[0,5]},"_coverageSchema":"1a1c01bbd47fc00a2c39e90264f33305004495a9","hash":"0933d9731fd5465712af813c9c038be1cbbaad77"}
,"C:\\Users\\Coding\\Desktop\\Microverse\\todo-list\\src\\modules\\deleteTodo.js": {"path":"C:\\Users\\Coding\\Desktop\\Microverse\\todo-list\\src\\modules\\deleteTodo.js","statementMap":{"0":{"start":{"line":5,"column":23},"end":{"line":15,"column":1}},"1":{"start":{"line":6,"column":16},"end":{"line":6,"column":18}},"2":{"start":{"line":7,"column":16},"end":{"line":11,"column":6}},"3":{"start":{"line":7,"column":44},"end":{"line":7,"column":72}},"4":{"start":{"line":9,"column":6},"end":{"line":9,"column":25}},"5":{"start":{"line":10,"column":6},"end":{"line":10,"column":18}},"6":{"start":{"line":13,"column":2},"end":{"line":13,"column":18}},"7":{"start":{"line":14,"column":2},"end":{"line":14,"column":16}},"8":{"start":{"line":17,"column":17},"end":{"line":20,"column":1}},"9":{"start":{"line":18,"column":16},"end":{"line":18,"column":40}},"10":{"start":{"line":19,"column":2},"end":{"line":19,"column":24}},"11":{"start":{"line":22,"column":34},"end":{"line":24,"column":1}},"12":{"start":{"line":23,"column":2},"end":{"line":23,"column":48}},"13":{"start":{"line":25,"column":36},"end":{"line":28,"column":1}},"14":{"start":{"line":26,"column":21},"end":{"line":26,"column":61}},"15":{"start":{"line":27,"column":2},"end":{"line":27,"column":48}}},"fnMap":{"0":{"name":"(anonymous_0)","decl":{"start":{"line":5,"column":23},"end":{"line":5,"column":24}},"loc":{"start":{"line":5,"column":31},"end":{"line":15,"column":1}},"line":5},"1":{"name":"(anonymous_1)","decl":{"start":{"line":7,"column":34},"end":{"line":7,"column":35}},"loc":{"start":{"line":7,"column":44},"end":{"line":7,"column":72}},"line":7},"2":{"name":"(anonymous_2)","decl":{"start":{"line":8,"column":9},"end":{"line":8,"column":10}},"loc":{"start":{"line":8,"column":22},"end":{"line":11,"column":5}},"line":8},"3":{"name":"(anonymous_3)","decl":{"start":{"line":17,"column":17},"end":{"line":17,"column":18}},"loc":{"start":{"line":17,"column":33},"end":{"line":20,"column":1}},"line":17},"4":{"name":"(anonymous_4)","decl":{"start":{"line":22,"column":34},"end":{"line":22,"column":35}},"loc":{"start":{"line":22,"column":49},"end":{"line":24,"column":1}},"line":22},"5":{"name":"(anonymous_5)","decl":{"start":{"line":25,"column":36},"end":{"line":25,"column":37}},"loc":{"start":{"line":25,"column":42},"end":{"line":28,"column":1}},"line":25}},"branchMap":{},"s":{"0":5,"1":1,"2":1,"3":1,"4":0,"5":0,"6":1,"7":1,"8":5,"9":0,"10":0,"11":5,"12":8,"13":5,"14":10,"15":10},"f":{"0":1,"1":1,"2":0,"3":0,"4":8,"5":10},"b":{},"_coverageSchema":"1a1c01bbd47fc00a2c39e90264f33305004495a9","hash":"235740ac54014792098630f84f8b53b6d9c2b0f1"}
,"C:\\Users\\Coding\\Desktop\\Microverse\\todo-list\\src\\modules\\draggableSort.js": {"path":"C:\\Users\\Coding\\Desktop\\Microverse\\todo-list\\src\\modules\\draggableSort.js","statementMap":{"0":{"start":{"line":1,"column":40},"end":{"line":24,"column":1}},"1":{"start":{"line":2,"column":15},"end":{"line":2,"column":46}},"2":{"start":{"line":3,"column":2},"end":{"line":23,"column":5}},"3":{"start":{"line":4,"column":4},"end":{"line":6,"column":7}},"4":{"start":{"line":5,"column":6},"end":{"line":5,"column":41}},"5":{"start":{"line":7,"column":4},"end":{"line":9,"column":7}},"6":{"start":{"line":8,"column":6},"end":{"line":8,"column":44}},"7":{"start":{"line":10,"column":20},"end":{"line":10,"column":21}},"8":{"start":{"line":11,"column":4},"end":{"line":22,"column":7}},"9":{"start":{"line":12,"column":6},"end":{"line":12,"column":25}},"10":{"start":{"line":13,"column":23},"end":{"line":13,"column":58}},"11":{"start":{"line":14,"column":37},"end":{"line":14,"column":59}},"12":{"start":{"line":16,"column":6},"end":{"line":20,"column":7}},"13":{"start":{"line":17,"column":8},"end":{"line":17,"column":48}},"14":{"start":{"line":19,"column":8},"end":{"line":19,"column":47}},"15":{"start":{"line":21,"column":6},"end":{"line":21,"column":28}}},"fnMap":{"0":{"name":"(anonymous_0)","decl":{"start":{"line":1,"column":40},"end":{"line":1,"column":41}},"loc":{"start":{"line":1,"column":46},"end":{"line":24,"column":1}},"line":1},"1":{"name":"(anonymous_1)","decl":{"start":{"line":3,"column":15},"end":{"line":3,"column":16}},"loc":{"start":{"line":3,"column":29},"end":{"line":23,"column":3}},"line":3},"2":{"name":"(anonymous_2)","decl":{"start":{"line":4,"column":43},"end":{"line":4,"column":44}},"loc":{"start":{"line":4,"column":49},"end":{"line":6,"column":5}},"line":4},"3":{"name":"(anonymous_3)","decl":{"start":{"line":7,"column":41},"end":{"line":7,"column":42}},"loc":{"start":{"line":7,"column":47},"end":{"line":9,"column":5}},"line":7},"4":{"name":"(anonymous_4)","decl":{"start":{"line":11,"column":42},"end":{"line":11,"column":43}},"loc":{"start":{"line":11,"column":49},"end":{"line":22,"column":5}},"line":11}},"branchMap":{"0":{"loc":{"start":{"line":16,"column":6},"end":{"line":20,"column":7}},"type":"if","locations":[{"start":{"line":16,"column":6},"end":{"line":20,"column":7}},{"start":{"line":18,"column":13},"end":{"line":20,"column":7}}],"line":16}},"s":{"0":5,"1":10,"2":10,"3":8,"4":0,"5":8,"6":0,"7":8,"8":8,"9":0,"10":0,"11":0,"12":0,"13":0,"14":0,"15":0},"f":{"0":10,"1":8,"2":0,"3":0,"4":0},"b":{"0":[0,0]},"_coverageSchema":"1a1c01bbd47fc00a2c39e90264f33305004495a9","hash":"63d4ecb785bbcb7d017b7751625cb75bfc8e4858"}
,"C:\\Users\\Coding\\Desktop\\Microverse\\todo-list\\src\\modules\\renderTodos.js": {"path":"C:\\Users\\Coding\\Desktop\\Microverse\\todo-list\\src\\modules\\renderTodos.js","statementMap":{"0":{"start":{"line":7,"column":31},"end":{"line":12,"column":1}},"1":{"start":{"line":8,"column":2},"end":{"line":8,"column":32}},"2":{"start":{"line":9,"column":2},"end":{"line":9,"column":32}},"3":{"start":{"line":10,"column":2},"end":{"line":10,"column":39}},"4":{"start":{"line":11,"column":2},"end":{"line":11,"column":36}},"5":{"start":{"line":14,"column":20},"end":{"line":33,"column":1}},"6":{"start":{"line":15,"column":28},"end":{"line":15,"column":64}},"7":{"start":{"line":16,"column":21},"end":{"line":30,"column":15}},"8":{"start":{"line":16,"column":47},"end":{"line":16,"column":64}},"9":{"start":{"line":18,"column":6},"end":{"line":29,"column":13}},"10":{"start":{"line":31,"column":2},"end":{"line":31,"column":59}},"11":{"start":{"line":32,"column":2},"end":{"line":32,"column":27}}},"fnMap":{"0":{"name":"(anonymous_0)","decl":{"start":{"line":7,"column":31},"end":{"line":7,"column":32}},"loc":{"start":{"line":7,"column":37},"end":{"line":12,"column":1}},"line":7},"1":{"name":"(anonymous_1)","decl":{"start":{"line":14,"column":20},"end":{"line":14,"column":21}},"loc":{"start":{"line":14,"column":26},"end":{"line":33,"column":1}},"line":14},"2":{"name":"(anonymous_2)","decl":{"start":{"line":16,"column":37},"end":{"line":16,"column":38}},"loc":{"start":{"line":16,"column":47},"end":{"line":16,"column":64}},"line":16},"3":{"name":"(anonymous_3)","decl":{"start":{"line":17,"column":9},"end":{"line":17,"column":10}},"loc":{"start":{"line":18,"column":6},"end":{"line":29,"column":13}},"line":18}},"branchMap":{"0":{"loc":{"start":{"line":20,"column":66},"end":{"line":20,"column":92}},"type":"cond-expr","locations":[{"start":{"line":20,"column":78},"end":{"line":20,"column":87}},{"start":{"line":20,"column":90},"end":{"line":20,"column":92}}],"line":20},"1":{"loc":{"start":{"line":21,"column":22},"end":{"line":21,"column":50}},"type":"cond-expr","locations":[{"start":{"line":21,"column":34},"end":{"line":21,"column":45}},{"start":{"line":21,"column":48},"end":{"line":21,"column":50}}],"line":21}},"s":{"0":5,"1":10,"2":10,"3":10,"4":10,"5":5,"6":10,"7":10,"8":0,"9":8,"10":10,"11":10},"f":{"0":10,"1":10,"2":0,"3":8},"b":{"0":[2,6],"1":[2,6]},"_coverageSchema":"1a1c01bbd47fc00a2c39e90264f33305004495a9","hash":"b3ff803f8782c729b1807d31d75746322e46d71d"}
,"C:\\Users\\Coding\\Desktop\\Microverse\\todo-list\\src\\modules\\saveTodo.js": {"path":"C:\\Users\\Coding\\Desktop\\Microverse\\todo-list\\src\\modules\\saveTodo.js","statementMap":{"0":{"start":{"line":1,"column":17},"end":{"line":3,"column":1}},"1":{"start":{"line":2,"column":2},"end":{"line":2,"column":55}}},"fnMap":{"0":{"name":"(anonymous_0)","decl":{"start":{"line":1,"column":17},"end":{"line":1,"column":18}},"loc":{"start":{"line":1,"column":28},"end":{"line":3,"column":1}},"line":1}},"branchMap":{},"s":{"0":5,"1":10},"f":{"0":10},"b":{},"_coverageSchema":"1a1c01bbd47fc00a2c39e90264f33305004495a9","hash":"0a9531f0236952ba3a8d956e1fc303782b02426d"}
,"C:\\Users\\Coding\\Desktop\\Microverse\\todo-list\\src\\modules\\todos.js": {"path":"C:\\Users\\Coding\\Desktop\\Microverse\\todo-list\\src\\modules\\todos.js","statementMap":{"0":{"start":{"line":1,"column":17},"end":{"line":1,"column":103}},"1":{"start":{"line":1,"column":24},"end":{"line":1,"column":102}}},"fnMap":{"0":{"name":"(anonymous_0)","decl":{"start":{"line":1,"column":17},"end":{"line":1,"column":18}},"loc":{"start":{"line":1,"column":24},"end":{"line":1,"column":102}},"line":1}},"branchMap":{"0":{"loc":{"start":{"line":1,"column":24},"end":{"line":1,"column":102}},"type":"cond-expr","locations":[{"start":{"line":1,"column":56},"end":{"line":1,"column":97}},{"start":{"line":1,"column":100},"end":{"line":1,"column":102}}],"line":1}},"s":{"0":5,"1":20},"f":{"0":20},"b":{"0":[15,5]},"_coverageSchema":"1a1c01bbd47fc00a2c39e90264f33305004495a9","hash":"ac19537cfdae852964bf222d18d53099e22e729f"}
,"C:\\Users\\Coding\\Desktop\\Microverse\\todo-list\\src\\modules\\updateTodo.js": {"path":"C:\\Users\\Coding\\Desktop\\Microverse\\todo-list\\src\\modules\\updateTodo.js","statementMap":{"0":{"start":{"line":5,"column":21},"end":{"line":26,"column":1}},"1":{"start":{"line":6,"column":21},"end":{"line":6,"column":30}},"2":{"start":{"line":7,"column":21},"end":{"line":7,"column":41}},"3":{"start":{"line":8,"column":2},"end":{"line":8,"column":40}},"4":{"start":{"line":9,"column":2},"end":{"line":9,"column":43}},"5":{"start":{"line":10,"column":22},"end":{"line":10,"column":63}},"6":{"start":{"line":11,"column":2},"end":{"line":11,"column":41}},"7":{"start":{"line":12,"column":2},"end":{"line":12,"column":66}},"8":{"start":{"line":13,"column":2},"end":{"line":13,"column":69}},"9":{"start":{"line":14,"column":30},"end":{"line":14,"column":61}},"10":{"start":{"line":15,"column":15},"end":{"line":15,"column":45}},"11":{"start":{"line":16,"column":2},"end":{"line":16,"column":39}},"12":{"start":{"line":17,"column":2},"end":{"line":17,"column":36}},"13":{"start":{"line":18,"column":16},"end":{"line":18,"column":47}},"14":{"start":{"line":19,"column":2},"end":{"line":19,"column":44}},"15":{"start":{"line":20,"column":2},"end":{"line":20,"column":42}},"16":{"start":{"line":21,"column":2},"end":{"line":21,"column":43}},"17":{"start":{"line":22,"column":2},"end":{"line":22,"column":38}},"18":{"start":{"line":23,"column":2},"end":{"line":23,"column":39}},"19":{"start":{"line":24,"column":2},"end":{"line":24,"column":26}},"20":{"start":{"line":25,"column":2},"end":{"line":25,"column":40}},"21":{"start":{"line":28,"column":18},"end":{"line":34,"column":1}},"22":{"start":{"line":29,"column":21},"end":{"line":29,"column":33}},"23":{"start":{"line":30,"column":2},"end":{"line":32,"column":3}},"24":{"start":{"line":31,"column":4},"end":{"line":31,"column":55}},"25":{"start":{"line":33,"column":2},"end":{"line":33,"column":14}},"26":{"start":{"line":36,"column":21},"end":{"line":44,"column":1}},"27":{"start":{"line":37,"column":16},"end":{"line":37,"column":26}},"28":{"start":{"line":38,"column":23},"end":{"line":38,"column":45}},"29":{"start":{"line":39,"column":2},"end":{"line":39,"column":35}},"30":{"start":{"line":39,"column":28},"end":{"line":39,"column":35}},"31":{"start":{"line":40,"column":16},"end":{"line":40,"column":18}},"32":{"start":{"line":41,"column":2},"end":{"line":41,"column":57}},"33":{"start":{"line":42,"column":2},"end":{"line":42,"column":18}},"34":{"start":{"line":43,"column":2},"end":{"line":43,"column":16}},"35":{"start":{"line":46,"column":15},"end":{"line":50,"column":1}},"36":{"start":{"line":47,"column":2},"end":{"line":47,"column":21}},"37":{"start":{"line":48,"column":2},"end":{"line":48,"column":84}},"38":{"start":{"line":52,"column":38},"end":{"line":57,"column":1}},"39":{"start":{"line":53,"column":2},"end":{"line":53,"column":23}},"40":{"start":{"line":54,"column":25},"end":{"line":54,"column":66}},"41":{"start":{"line":55,"column":2},"end":{"line":55,"column":38}},"42":{"start":{"line":56,"column":2},"end":{"line":56,"column":52}},"43":{"start":{"line":59,"column":40},"end":{"line":61,"column":1}},"44":{"start":{"line":60,"column":2},"end":{"line":60,"column":71}},"45":{"start":{"line":62,"column":36},"end":{"line":65,"column":1}},"46":{"start":{"line":63,"column":23},"end":{"line":63,"column":67}},"47":{"start":{"line":64,"column":2},"end":{"line":64,"column":56}}},"fnMap":{"0":{"name":"(anonymous_0)","decl":{"start":{"line":5,"column":21},"end":{"line":5,"column":22}},"loc":{"start":{"line":5,"column":33},"end":{"line":26,"column":1}},"line":5},"1":{"name":"(anonymous_1)","decl":{"start":{"line":28,"column":18},"end":{"line":28,"column":19}},"loc":{"start":{"line":28,"column":29},"end":{"line":34,"column":1}},"line":28},"2":{"name":"(anonymous_2)","decl":{"start":{"line":36,"column":21},"end":{"line":36,"column":22}},"loc":{"start":{"line":36,"column":39},"end":{"line":44,"column":1}},"line":36},"3":{"name":"(anonymous_3)","decl":{"start":{"line":46,"column":15},"end":{"line":46,"column":16}},"loc":{"start":{"line":46,"column":22},"end":{"line":50,"column":1}},"line":46},"4":{"name":"(anonymous_4)","decl":{"start":{"line":52,"column":38},"end":{"line":52,"column":39}},"loc":{"start":{"line":52,"column":54},"end":{"line":57,"column":1}},"line":52},"5":{"name":"(anonymous_5)","decl":{"start":{"line":59,"column":40},"end":{"line":59,"column":41}},"loc":{"start":{"line":59,"column":57},"end":{"line":61,"column":1}},"line":59},"6":{"name":"(anonymous_6)","decl":{"start":{"line":62,"column":36},"end":{"line":62,"column":37}},"loc":{"start":{"line":62,"column":42},"end":{"line":65,"column":1}},"line":62}},"branchMap":{"0":{"loc":{"start":{"line":30,"column":2},"end":{"line":32,"column":3}},"type":"if","locations":[{"start":{"line":30,"column":2},"end":{"line":32,"column":3}},{"start":{},"end":{}}],"line":30},"1":{"loc":{"start":{"line":39,"column":2},"end":{"line":39,"column":35}},"type":"if","locations":[{"start":{"line":39,"column":2},"end":{"line":39,"column":35}},{"start":{},"end":{}}],"line":39}},"s":{"0":5,"1":0,"2":0,"3":0,"4":0,"5":0,"6":0,"7":0,"8":0,"9":0,"10":0,"11":0,"12":0,"13":0,"14":0,"15":0,"16":0,"17":0,"18":0,"19":0,"20":0,"21":5,"22":1,"23":1,"24":1,"25":0,"26":5,"27":1,"28":1,"29":1,"30":0,"31":1,"32":1,"33":1,"34":1,"35":5,"36":0,"37":0,"38":5,"39":0,"40":0,"41":0,"42":0,"43":5,"44":8,"45":5,"46":10,"47":10},"f":{"0":0,"1":1,"2":1,"3":0,"4":0,"5":8,"6":10},"b":{"0":[1,0],"1":[0,1]},"_coverageSchema":"1a1c01bbd47fc00a2c39e90264f33305004495a9","hash":"6eede2f42f97452384fa6975f6885ea02c587e3f"}
,"C:\\Users\\Coding\\Desktop\\Microverse\\todo-list\\unit test\\__mock__\\createTodoDomMock.js": {"path":"C:\\Users\\Coding\\Desktop\\Microverse\\todo-list\\unit test\\__mock__\\createTodoDomMock.js","statementMap":{"0":{"start":{"line":1,"column":26},"end":{"line":26,"column":1}},"1":{"start":{"line":2,"column":2},"end":{"line":25,"column":5}}},"fnMap":{"0":{"name":"(anonymous_0)","decl":{"start":{"line":1,"column":26},"end":{"line":1,"column":27}},"loc":{"start":{"line":1,"column":37},"end":{"line":26,"column":1}},"line":1}},"branchMap":{},"s":{"0":5,"1":5},"f":{"0":5},"b":{},"_coverageSchema":"1a1c01bbd47fc00a2c39e90264f33305004495a9","hash":"572720350f07a47a31dfdb94535ae0b536cc9877"}
}
