TN:
SF:src\modules\clearCompletedTodo.js
FN:5,(anonymous_0)
FN:7,(anonymous_1)
FN:10,(anonymous_2)
FNF:3
FNH:2
FNDA:1,(anonymous_0)
FNDA:1,(anonymous_1)
FNDA:0,(anonymous_2)
DA:5,1
DA:6,1
DA:7,1
DA:8,1
DA:10,1
DA:11,0
DA:12,0
DA:14,1
DA:15,1
LF:9
LH:7
BRF:0
BRH:0
end_of_record
TN:
SF:src\modules\completeTodo.js
FN:5,(anonymous_0)
FN:19,(anonymous_1)
FN:23,(anonymous_2)
FN:26,(anonymous_3)
FNF:4
FNH:3
FNDA:2,(anonymous_0)
FNDA:0,(anonymous_1)
FNDA:8,(anonymous_2)
FNDA:10,(anonymous_3)
DA:5,5
DA:6,2
DA:7,2
DA:9,2
DA:10,0
DA:12,2
DA:15,2
DA:16,2
DA:19,5
DA:20,0
DA:23,5
DA:24,8
DA:26,5
DA:27,10
DA:28,10
LF:15
LH:13
BRDA:9,0,0,0
BRDA:9,0,1,2
BRF:2
BRH:1
end_of_record
TN:
SF:src\modules\createTodo.js
FN:5,(anonymous_0)
FN:13,(anonymous_1)
FN:17,(anonymous_2)
FNF:3
FNH:3
FNDA:5,(anonymous_0)
FNDA:5,(anonymous_1)
FNDA:5,(anonymous_2)
DA:5,5
DA:6,5
DA:7,5
DA:8,5
DA:10,0
DA:13,5
DA:14,5
DA:17,5
DA:18,5
DA:19,5
DA:20,5
DA:21,5
DA:22,5
DA:23,5
DA:24,5
LF:15
LH:14
BRDA:7,0,0,5
BRDA:7,0,1,0
BRDA:20,1,0,0
BRDA:20,1,1,5
BRF:4
BRH:2
end_of_record
TN:
SF:src\modules\deleteTodo.js
FN:5,(anonymous_0)
FN:7,(anonymous_1)
FN:8,(anonymous_2)
FN:17,(anonymous_3)
FN:22,(anonymous_4)
FN:25,(anonymous_5)
FNF:6
FNH:4
FNDA:1,(anonymous_0)
FNDA:1,(anonymous_1)
FNDA:0,(anonymous_2)
FNDA:0,(anonymous_3)
FNDA:8,(anonymous_4)
FNDA:10,(anonymous_5)
DA:5,5
DA:6,1
DA:7,1
DA:9,0
DA:10,0
DA:13,1
DA:14,1
DA:17,5
DA:18,0
DA:19,0
DA:22,5
DA:23,8
DA:25,5
DA:26,10
DA:27,10
LF:15
LH:11
BRF:0
BRH:0
end_of_record
TN:
SF:src\modules\draggableSort.js
FN:1,(anonymous_0)
FN:3,(anonymous_1)
FN:4,(anonymous_2)
FN:7,(anonymous_3)
FN:11,(anonymous_4)
FNF:5
FNH:2
FNDA:10,(anonymous_0)
FNDA:8,(anonymous_1)
FNDA:0,(anonymous_2)
FNDA:0,(anonymous_3)
FNDA:0,(anonymous_4)
DA:1,5
DA:2,10
DA:3,10
DA:4,8
DA:5,0
DA:7,8
DA:8,0
DA:10,8
DA:11,8
DA:12,0
DA:13,0
DA:14,0
DA:16,0
DA:17,0
DA:19,0
DA:21,0
LF:16
LH:7
BRDA:16,0,0,0
BRDA:16,0,1,0
BRF:2
BRH:0
end_of_record
TN:
SF:src\modules\renderTodos.js
FN:7,(anonymous_0)
FN:14,(anonymous_1)
FN:16,(anonymous_2)
FN:17,(anonymous_3)
FNF:4
FNH:3
FNDA:10,(anonymous_0)
FNDA:10,(anonymous_1)
FNDA:0,(anonymous_2)
FNDA:8,(anonymous_3)
DA:7,5
DA:8,10
DA:9,10
DA:10,10
DA:11,10
DA:14,5
DA:15,10
DA:16,10
DA:18,8
DA:31,10
DA:32,10
LF:11
LH:11
BRDA:20,0,0,2
BRDA:20,0,1,6
BRDA:21,1,0,2
BRDA:21,1,1,6
BRF:4
BRH:4
end_of_record
TN:
SF:src\modules\saveTodo.js
FN:1,(anonymous_0)
FNF:1
FNH:1
FNDA:10,(anonymous_0)
DA:1,5
DA:2,10
LF:2
LH:2
BRF:0
BRH:0
end_of_record
TN:
SF:src\modules\todos.js
FN:1,(anonymous_0)
FNF:1
FNH:1
FNDA:20,(anonymous_0)
DA:1,20
LF:1
LH:1
BRDA:1,0,0,15
BRDA:1,0,1,5
BRF:2
BRH:2
end_of_record
TN:
SF:src\modules\updateTodo.js
FN:5,(anonymous_0)
FN:28,(anonymous_1)
FN:36,(anonymous_2)
FN:46,(anonymous_3)
FN:52,(anonymous_4)
FN:59,(anonymous_5)
FN:62,(anonymous_6)
FNF:7
FNH:4
FNDA:0,(anonymous_0)
FNDA:1,(anonymous_1)
FNDA:1,(anonymous_2)
FNDA:0,(anonymous_3)
FNDA:0,(anonymous_4)
FNDA:8,(anonymous_5)
FNDA:10,(anonymous_6)
DA:5,5
DA:6,0
DA:7,0
DA:8,0
DA:9,0
DA:10,0
DA:11,0
DA:12,0
DA:13,0
DA:14,0
DA:15,0
DA:16,0
DA:17,0
DA:18,0
DA:19,0
DA:20,0
DA:21,0
DA:22,0
DA:23,0
DA:24,0
DA:25,0
DA:28,5
DA:29,1
DA:30,1
DA:31,1
DA:33,0
DA:36,5
DA:37,1
DA:38,1
DA:39,1
DA:40,1
DA:41,1
DA:42,1
DA:43,1
DA:46,5
DA:47,0
DA:48,0
DA:52,5
DA:53,0
DA:54,0
DA:55,0
DA:56,0
DA:59,5
DA:60,8
DA:62,5
DA:63,10
DA:64,10
LF:47
LH:20
BRDA:30,0,0,1
BRDA:30,0,1,0
BRDA:39,1,0,0
BRDA:39,1,1,1
BRF:4
BRH:2
end_of_record
TN:
SF:unit test\__mock__\createTodoDomMock.js
FN:1,(anonymous_0)
FNF:1
FNH:1
FNDA:5,(anonymous_0)
DA:1,5
DA:2,5
LF:2
LH:2
BRF:0
BRH:0
end_of_record
